<?xml version="1.0" encoding="UTF-8"?>
<TestRun id="3c21e8ef-a3d0-4ad1-b0c5-6c9fa9ba1c5c" name="jkenoyer@JKENOYER-PC 2012-04-07 11:26:39" runUser="jkenoyer-PC\jkenoyer" xmlns="http://microsoft.com/schemas/VisualStudio/TeamTest/2010">
  <TestSettings name="Local" id="feb347f5-2772-409e-9f1c-bb555f0fef5f">
    <Description>These are default test settings for a local test run.</Description>
    <Deployment userDeploymentRoot="C:\projects\MvcApplication2\mvc4\TestResults" useDefaultDeploymentRoot="false" enabled="false" runDeploymentRoot="jkenoyer_JKENOYER-PC 2012-04-07 11_26_39">
      <DeploymentItem filename="C:\projects\MvcApplication2\lib\Rhino\Rhino.Mocks.dll" />
      <DeploymentItem filename="C:\projects\MvcApplication2\mvc4\MvcModel\bin\Debug\MvcModel.dll" />
      <DeploymentItem filename="C:\projects\MvcApplication2\mvc4\MvcIOC\bin\Debug\MvcIOC.dll" />
      <DeploymentItem filename="C:\projects\MvcApplication2\mvc4\MvcDataAccess\bin\Debug\MvcDataAccess.dll" />
    </Deployment>
    <Execution>
      <TestTypeSpecific />
      <AgentRule name="Execution Agents">
      </AgentRule>
    </Execution>
  </TestSettings>
  <Times creation="2012-04-07T11:26:39.4910889-04:00" queuing="2012-04-07T11:26:42.7142732-04:00" start="2012-04-07T11:26:42.9822886-04:00" finish="2012-04-07T11:27:00.8343096-04:00" />
  <ResultSummary outcome="Error">
    <Counters total="1" executed="1" error="0" failed="0" timeout="0" aborted="1" inconclusive="0" passedButRunAborted="0" notRunnable="0" notExecuted="0" disconnected="0" warning="0" passed="0" completed="0" inProgress="0" pending="0" />
    <RunInfos>
      <RunInfo computerName="JKENOYER-PC" outcome="Error" timestamp="2012-04-07T11:27:00.8323095-04:00">
        <Text>Test host process exited unexpectedly.</Text>
      </RunInfo>
    </RunInfos>
  </ResultSummary>
  <TestDefinitions>
    <UnitTest name="ExecuteMetricTest" storage="c:\projects\mvcapplication2\mvc4\mvctest\bin\debug\mvctest.dll" id="06450b8e-8661-7b13-0db8-95a62a507136">
      <Execution id="abb9ab6e-db84-4937-b6ad-eef2f461085e" />
      <TestMethod codeBase="C:/projects/MvcApplication2/mvc4/MvcTest/bin/Debug/MvcTest.DLL" adapterTypeName="Microsoft.VisualStudio.TestTools.TestTypes.Unit.UnitTestAdapter, Microsoft.VisualStudio.QualityTools.Tips.UnitTest.Adapter, Version=10.0.0.0, Culture=neutral, PublicKeyToken=b03f5f7f11d50a3a" className="MvcTest.HandlerRepositoryTest, MvcTest, Version=1.0.0.0, Culture=neutral, PublicKeyToken=null" name="ExecuteMetricTest" />
    </UnitTest>
  </TestDefinitions>
  <TestLists>
    <TestList name="Results Not in a List" id="8c84fa94-04c1-424b-9868-57a2d4851a1d" />
    <TestList name="All Loaded Results" id="19431567-8539-422a-85d7-44ee4e166bda" />
  </TestLists>
  <TestEntries>
    <TestEntry testId="06450b8e-8661-7b13-0db8-95a62a507136" executionId="abb9ab6e-db84-4937-b6ad-eef2f461085e" testListId="8c84fa94-04c1-424b-9868-57a2d4851a1d" />
  </TestEntries>
  <Results>
    <UnitTestResult executionId="abb9ab6e-db84-4937-b6ad-eef2f461085e" testId="06450b8e-8661-7b13-0db8-95a62a507136" testName="ExecuteMetricTest" computerName="JKENOYER-PC" duration="00:00:17.5900061" startTime="2012-04-07T11:26:43.2433035-04:00" endTime="2012-04-07T11:27:00.8333096-04:00" testType="13cdc9d9-ddb5-4fa4-a97d-d965ccfc6d4b" outcome="Aborted" testListId="8c84fa94-04c1-424b-9868-57a2d4851a1d" relativeResultsDirectory="abb9ab6e-db84-4937-b6ad-eef2f461085e">
    </UnitTestResult>
  </Results>
</TestRun>