<?xml version="1.0" encoding="UTF-8"?>
<TestRun id="1973db8d-36c6-4a2f-b475-c2f054af332f" name="jkenoyer@JKENOYER-PC 2012-04-07 11:25:09" runUser="jkenoyer-PC\jkenoyer" xmlns="http://microsoft.com/schemas/VisualStudio/TeamTest/2010">
  <TestSettings name="Local" id="feb347f5-2772-409e-9f1c-bb555f0fef5f">
    <Description>These are default test settings for a local test run.</Description>
    <Deployment userDeploymentRoot="C:\projects\MvcApplication2\mvc4\TestResults" useDefaultDeploymentRoot="false" enabled="false" runDeploymentRoot="jkenoyer_JKENOYER-PC 2012-04-07 11_25_09">
      <DeploymentItem filename="C:\projects\MvcApplication2\lib\Rhino\Rhino.Mocks.dll" />
      <DeploymentItem filename="C:\projects\MvcApplication2\mvc4\MvcModel\bin\Debug\MvcModel.dll" />
      <DeploymentItem filename="C:\projects\MvcApplication2\mvc4\MvcIOC\bin\Debug\MvcIOC.dll" />
      <DeploymentItem filename="C:\projects\MvcApplication2\mvc4\MvcDataAccess\bin\Debug\MvcDataAccess.dll" />
    </Deployment>
    <Execution>
      <TestTypeSpecific />
      <AgentRule name="Execution Agents">
      </AgentRule>
    </Execution>
  </TestSettings>
  <Times creation="2012-04-07T11:25:09.4249374-04:00" queuing="2012-04-07T11:25:12.7561279-04:00" start="2012-04-07T11:25:12.9541392-04:00" finish="2012-04-07T11:25:17.4563968-04:00" />
  <ResultSummary outcome="Completed">
    <Counters total="1" executed="1" passed="1" error="0" failed="0" timeout="0" aborted="0" inconclusive="0" passedButRunAborted="0" notRunnable="0" notExecuted="0" disconnected="0" warning="0" completed="0" inProgress="0" pending="0" />
  </ResultSummary>
  <TestDefinitions>
    <UnitTest name="ExecuteMetricTest" storage="c:\projects\mvcapplication2\mvc4\mvctest\bin\debug\mvctest.dll" id="06450b8e-8661-7b13-0db8-95a62a507136">
      <Execution id="3d09a9f7-4626-4c30-b2ca-f26d725931a2" />
      <TestMethod codeBase="C:/projects/MvcApplication2/mvc4/MvcTest/bin/Debug/MvcTest.DLL" adapterTypeName="Microsoft.VisualStudio.TestTools.TestTypes.Unit.UnitTestAdapter, Microsoft.VisualStudio.QualityTools.Tips.UnitTest.Adapter, Version=10.0.0.0, Culture=neutral, PublicKeyToken=b03f5f7f11d50a3a" className="MvcTest.HandlerRepositoryTest, MvcTest, Version=1.0.0.0, Culture=neutral, PublicKeyToken=null" name="ExecuteMetricTest" />
    </UnitTest>
  </TestDefinitions>
  <TestLists>
    <TestList name="Results Not in a List" id="8c84fa94-04c1-424b-9868-57a2d4851a1d" />
    <TestList name="All Loaded Results" id="19431567-8539-422a-85d7-44ee4e166bda" />
  </TestLists>
  <TestEntries>
    <TestEntry testId="06450b8e-8661-7b13-0db8-95a62a507136" executionId="3d09a9f7-4626-4c30-b2ca-f26d725931a2" testListId="8c84fa94-04c1-424b-9868-57a2d4851a1d" />
  </TestEntries>
  <Results>
    <UnitTestResult executionId="3d09a9f7-4626-4c30-b2ca-f26d725931a2" testId="06450b8e-8661-7b13-0db8-95a62a507136" testName="ExecuteMetricTest" computerName="JKENOYER-PC" duration="00:00:02.2195177" startTime="2012-04-07T11:25:13.1981532-04:00" endTime="2012-04-07T11:25:17.3033880-04:00" testType="13cdc9d9-ddb5-4fa4-a97d-d965ccfc6d4b" outcome="Passed" testListId="8c84fa94-04c1-424b-9868-57a2d4851a1d" relativeResultsDirectory="3d09a9f7-4626-4c30-b2ca-f26d725931a2">
      <Output>
        <DebugTrace>10000 iterations in 2180
</DebugTrace>
      </Output>
    </UnitTestResult>
  </Results>
</TestRun>